This is e-pTeX, Version 3.14159265-p3.6-141210-2.6 (utf8.euc) (TeX Live 2015) (preloaded format=platex 2015.5.24)  14 OCT 2015 16:55
entering extended mode
 restricted \write18 enabled.
 %&-line parsing enabled.
**IEEEtran.cls
(./IEEEtran.cls
pLaTeX2e <2006/11/10> (based on LaTeX2e <2015/01/01> patch level 0)
Babel <3.9l> and hyphenation patterns for 79 languages loaded.

LaTeX Warning: You have requested package `',
               but the package provides `IEEEtran'.

Package: IEEEtran 2012/11/21 V1.8c by Harald Hanche-Olsen and Anders Christense
n
-- Based on V1.7a by Michael Shell
-- See the "IEEEtran_HOWTO" manual for usage information.
-- http://www.michaelshell.org/tex/ieeetran/

! LaTeX Error: Missing \begin{document}.

See the LaTeX manual or LaTeX Companion for explanation.
Type  H <return>  for immediate help.
 ...                                              
                                                  
l.217 \newif\if@
                restonecol
? 
! Emergency stop.
 ...                                              
                                                  
l.217 \newif\if@
                restonecol
You're in trouble here.  Try typing  <return>  to proceed.
If that doesn't work, type  X <return>  to quit.

 
Here is how much of TeX's memory you used:
 11 strings out of 493777
 239 string characters out of 6151334
 53434 words of memory out of 5000000
 3598 multiletter control sequences out of 15000+600000
 7519 words of font info for 31 fonts, out of 8000000 for 9000
 929 hyphenation exceptions out of 8191
 7i,0n,5p,109b,14s stack positions out of 5000i,500n,10000p,200000b,80000s
No pages of output.
